1588350545649	mozrunner::runner	INFO	Running command: "C:\\Program Files\\Mozilla Firefox\\firefox.exe" "-marionette" "-foreground" "-no-remote" "-profile" "C:\\Users\\julie\\AppData\\Local\\Temp\\rust_mozprofileSSmxbm"
1588350549802	addons.webextension.doh-rollout@mozilla.org	WARN	Loading extension 'doh-rollout@mozilla.org': Reading manifest: Invalid extension permission: networkStatus
1588350551849	addons.webextension.screenshots@mozilla.org	WARN	Loading extension 'screenshots@mozilla.org': Reading manifest: Invalid extension permission: mozillaAddons
1588350551850	addons.webextension.screenshots@mozilla.org	WARN	Loading extension 'screenshots@mozilla.org': Reading manifest: Invalid extension permission: telemetry
1588350551906	addons.webextension.screenshots@mozilla.org	WARN	Loading extension 'screenshots@mozilla.org': Reading manifest: Invalid extension permission: resource://pdf.js/
1588350551906	addons.webextension.screenshots@mozilla.org	WARN	Loading extension 'screenshots@mozilla.org': Reading manifest: Invalid extension permission: about:reader*
JavaScript error: resource://gre/modules/XULStore.jsm, line 66: Error: Can't find profile directory.
1588350566255	Marionette	INFO	Listening on port 52471
1588350566520	Marionette	WARN	TLS certificate errors will be ignored for this session
JavaScript warning: https://magic.wizards.com/sites/all/modules/contrib/jquery_update/replace/jquery/1.9/jquery.min.js?v=1.9.1, line 2: Using //@ to indicate sourceMappingURL pragmas is deprecated. Use //# instead
JavaScript warning: https://magic.wizards.com/sites/all/modules/contrib/jquery_update/replace/jquery/1.9/jquery.min.js?v=1.9.1, line 2: Using //@ to indicate sourceMappingURL pragmas is deprecated. Use //# instead
JavaScript warning: https://magic.wizards.com/sites/all/modules/contrib/jquery_update/replace/jquery/1.9/jquery.min.js?v=1.9.1, line 2: Using //@ to indicate sourceMappingURL pragmas is deprecated. Use //# instead
JavaScript warning: https://magic.wizards.com/sites/all/modules/contrib/jquery_update/replace/jquery/1.9/jquery.min.js?v=1.9.1, line 2: Using //@ to indicate sourceMappingURL pragmas is deprecated. Use //# instead
JavaScript warning: https://magic.wizards.com/sites/all/modules/contrib/jquery_update/replace/jquery/1.9/jquery.min.js?v=1.9.1, line 2: Using //@ to indicate sourceMappingURL pragmas is deprecated. Use //# instead
1588350975034	Marionette	INFO	Stopped listening on port 52471
IPDL protocol error: Handler returned error code!

###!!! [Parent][DispatchAsyncMessage] Error: PLayerTransaction::Msg_ReleaseLayer Processing error: message was deserialized, but the handler returned false (indicating failure)

IPDL protocol error: Handler returned error code!

###!!! [Parent][DispatchAsyncMessage] Error: PLayerTransaction::Msg_ReleaseLayer Processing error: message was deserialized, but the handler returned false (indicating failure)


###!!! [Child][RunMessage] Error: Channel closing: too late to send/recv, messages will be lost


###!!! [Child][RunMessage] Error: Channel closing: too late to send/recv, messages will be lost


###!!! [Child][MessageChannel::SendAndWait] Error: Channel error: cannot send/recv

